
**** Build of configuration Debug for project lab2 ****

"C:\\ti\\ccsv6\\utils\\bin\\gmake" -k all 
'Building file: ../helloworld.c'
'Invoking: ARM Compiler'
"C:/ti/ccsv6/tools/compiler/ti-cgt-arm_15.12.1.LTS/bin/armcl" -mv7M4 --code_state=16 --float_support=FPv4SPD16 -me --include_path="C:/ti/ccsv6/tools/compiler/ti-cgt-arm_15.12.1.LTS/include" --include_path="C:/ti/TivaWare_C_Series-2.1.2.111" -g --gcc --define=ccs="ccs" --define=PART_TM4C123GH6PM --diag_warning=225 --diag_wrap=off --display_error_number --abi=eabi --preproc_with_compile --preproc_dependency="helloworld.d"  "../helloworld.c"
"../helloworld.c", line 34: warning #118-D: non-void function "main" should return a value
'Finished building: ../helloworld.c'
' '
'Building file: ../movement.c'
'Invoking: ARM Compiler'
"C:/ti/ccsv6/tools/compiler/ti-cgt-arm_15.12.1.LTS/bin/armcl" -mv7M4 --code_state=16 --float_support=FPv4SPD16 -me --include_path="C:/ti/ccsv6/tools/compiler/ti-cgt-arm_15.12.1.LTS/include" --include_path="C:/ti/TivaWare_C_Series-2.1.2.111" -g --gcc --define=ccs="ccs" --define=PART_TM4C123GH6PM --diag_warning=225 --diag_wrap=off --display_error_number --abi=eabi --preproc_with_compile --preproc_dependency="movement.d"  "../movement.c"
"../movement.c", line 17: warning #121-D: return value type does not match the function type
'Finished building: ../movement.c'
' '
'Building target: lab2.out'
'Invoking: ARM Linker'
"C:/ti/ccsv6/tools/compiler/ti-cgt-arm_15.12.1.LTS/bin/armcl" -mv7M4 --code_state=16 --float_support=FPv4SPD16 -me -g --gcc --define=ccs="ccs" --define=PART_TM4C123GH6PM --diag_warning=225 --diag_wrap=off --display_error_number --abi=eabi -z -m"lab2.map" --stack_size=2048 --heap_size=1024 -i"C:/ti/ccsv6/tools/compiler/ti-cgt-arm_15.12.1.LTS/lib" -i"C:/ti/ccsv6/tools/compiler/ti-cgt-arm_15.12.1.LTS/include" --reread_libs --warn_sections --diag_wrap=off --display_error_number --xml_link_info="lab2_linkInfo.xml" --rom_model -o "lab2.out" "./helloworld.obj" "./lcd.obj" "./movement.obj" "./open_interface.obj" "./timer.obj" "./tm4c123gh6pm_startup_ccs.obj" "../tm4c123gh6pm.cmd"  -llibc.a -l"C:/ti/TivaWare_C_Series-2.1.2.111/driverlib/ccs/Debug/driverlib.lib" 
<Linking>
'Finished building target: lab2.out'
' '

**** Build Finished ****
